<?xml version="1.0" encoding="UTF-8" ?>
<testsuite errors="0" failures="0" hostname="DESKTOP-AHFQ9L9" name="proyectof.VectorTest" skipped="0" tests="4" time="0.059" timestamp="2022-12-14T16:50:35">
  <properties>
[...]
</properties>
  <testcase classname="proyectof.VectorTest" name="testNormalizar" time="0.003" />
  <testcase classname="proyectof.VectorTest" name="testEscalar" time="0.0" />
  <testcase classname="proyectof.VectorTest" name="testDot" time="0.0" />
  <testcase classname="proyectof.VectorTest" name="testMagnitud" time="0.001" />
  <system-out><![CDATA[normalizar
escalar
dot
magnitud
]]></system-out>
  <system-err><![CDATA[]]></system-err>
</testsuite>
